<?xml version="1.0" encoding="UTF-8"?>
<!-- Generated by org.testng.reporters.JUnitXMLReporter -->
<testsuite ignored="2" hostname="LAPTOP-8TP6OQIJ" failures="0" tests="1" name="Default test" time="10.222" errors="0" timestamp="2024-05-17T09:26:13 IST">
  <testcase classname="testcases.registerTestCases" name="verifyRegisterationWithBlankData" time="4.911"/>
  <testcase classname="testcases.registerTestCases" name="verifyRegisterationWithInvalidData" time="0.0">
    <ignored/>
  </testcase> <!-- verifyRegisterationWithInvalidData -->
  <testcase classname="testcases.registerTestCases" name="verifyRegisterationWithValidData" time="0.0">
    <ignored/>
  </testcase> <!-- verifyRegisterationWithValidData -->
</testsuite> <!-- Default test -->
